<?xml version="1.0" encoding="UTF-8"?>
<!-- Generated by org.testng.reporters.JUnitReportReporter -->
<testsuite hostname="LAPTOP-JNGC2UV2" failures="0" tests="1" name="demomaventestcases.TC_loginTest_001" time="14.259" errors="0" timestamp="23 Aug 2021 17:51:23 GMT" skipped="0">
  <testcase classname="demomaventestcases.TC_loginTest_001" name="loginTest" time="14.259"/>
</testsuite> <!-- demomaventestcases.TC_loginTest_001 -->
